<?xml version="1.0" encoding="UTF-8"?>
<!-- Generated by org.testng.reporters.JUnitReportReporter -->
<testsuite hostname="DESKTOP-88A1DLB" failures="0" tests="5" name="runner.TestRunner" time="20.485" errors="0" timestamp="2024-04-29T02:43:24 WIB" skipped="0">
  <testcase classname="runner.TestRunner" name="runScenario" time="3.535"/>
  <system-out/>
  <testcase classname="runner.TestRunner" name="runScenario" time="3.547"/>
  <system-out/>
  <testcase classname="runner.TestRunner" name="runScenario" time="3.545"/>
  <system-out/>
  <testcase classname="runner.TestRunner" name="runScenario" time="5.986"/>
  <system-out/>
  <testcase classname="runner.TestRunner" name="runScenario" time="3.872"/>
  <system-out/>
</testsuite> <!-- runner.TestRunner -->
